# JRE version: Java(TM) SE Runtime Environment (8.0_144-b01) (build 1.8.0_144-b01)
# Java VM: Java HotSpot(TM) 64-Bit Server VM (25.144-b01 mixed mode windows-amd64 compressed oops)
Heap:
 PSYoungGen      total 18432K, used 3669K [0x00000000f5980000, 0x00000000f8780000, 0x0000000100000000)
  eden space 17408K, 21% used [0x00000000f5980000,0x00000000f5d156f8,0x00000000f6a80000)
  from space 1024K, 0% used [0x00000000f6a80000,0x00000000f6a80000,0x00000000f6b80000)
  to   space 6144K, 0% used [0x00000000f8180000,0x00000000f8180000,0x00000000f8780000)
 ParOldGen       total 28160K, used 10849K [0x00000000e0c00000, 0x00000000e2780000, 0x00000000f5980000)
  object space 28160K, 38% used [0x00000000e0c00000,0x00000000e1698620,0x00000000e2780000)
 Metaspace       used 21333K, capacity 21642K, committed 21888K, reserved 1069056K
  class space    used 2429K, capacity 2563K, committed 2688K, reserved 1048576K
GC Heap History (10 events):
Event: 6.885 GC heap before
{Heap before GC invocations=2 (full 0):
 PSYoungGen      total 9728K, used 9712K [0x00000000f5980000, 0x00000000f6400000, 0x0000000100000000)
  eden space 8704K, 100% used [0x00000000f5980000,0x00000000f6200000,0x00000000f6200000)
  from space 1024K, 98% used [0x00000000f6200000,0x00000000f62fc010,0x00000000f6300000)
  to   space 1024K, 0% used [0x00000000f6300000,0x00000000f6300000,0x00000000f6400000)
 ParOldGen       total 22016K, used 1389K [0x00000000e0c00000, 0x00000000e2180000, 0x00000000f5980000)
  object space 22016K, 6% used [0x00000000e0c00000,0x00000000e0d5b448,0x00000000e2180000)
 Metaspace       used 15205K, capacity 15492K, committed 15744K, reserved 1062912K
  class space    used 1939K, capacity 2050K, committed 2176K, reserved 1048576K
Event: 6.896 GC heap after
Heap after GC invocations=2 (full 0):
 PSYoungGen      total 9728K, used 1008K [0x00000000f5980000, 0x00000000f6c80000, 0x0000000100000000)
  eden space 8704K, 0% used [0x00000000f5980000,0x00000000f5980000,0x00000000f6200000)
  from space 1024K, 98% used [0x00000000f6300000,0x00000000f63fc110,0x00000000f6400000)
  to   space 1024K, 0% used [0x00000000f6200000,0x00000000f6200000,0x00000000f6300000)
 ParOldGen       total 22016K, used 6661K [0x00000000e0c00000, 0x00000000e2180000, 0x00000000f5980000)
  object space 22016K, 30% used [0x00000000e0c00000,0x00000000e1281618,0x00000000e2180000)
 Metaspace       used 15205K, capacity 15492K, committed 15744K, reserved 1062912K
  class space    used 1939K, capacity 2050K, committed 2176K, reserved 1048576K
}
Event: 7.230 GC heap before
{Heap before GC invocations=3 (full 0):
 PSYoungGen      total 9728K, used 9712K [0x00000000f5980000, 0x00000000f6c80000, 0x0000000100000000)
  eden space 8704K, 100% used [0x00000000f5980000,0x00000000f6200000,0x00000000f6200000)
  from space 1024K, 98% used [0x00000000f6300000,0x00000000f63fc110,0x00000000f6400000)
  to   space 1024K, 0% used [0x00000000f6200000,0x00000000f6200000,0x00000000f6300000)
 ParOldGen       total 22016K, used 6661K [0x00000000e0c00000, 0x00000000e2180000, 0x00000000f5980000)
  object space 22016K, 30% used [0x00000000e0c00000,0x00000000e1281618,0x00000000e2180000)
 Metaspace       used 18436K, capacity 18756K, committed 19072K, reserved 1067008K
  class space    used 2243K, capacity 2370K, committed 2432K, reserved 1048576K
Event: 7.238 GC heap after
Heap after GC invocations=3 (full 0):
 PSYoungGen      total 9728K, used 1008K [0x00000000f5980000, 0x00000000f6c80000, 0x0000000100000000)
  eden space 8704K, 0% used [0x00000000f5980000,0x00000000f5980000,0x00000000f6200000)
  from space 1024K, 98% used [0x00000000f6200000,0x00000000f62fc010,0x00000000f6300000)
  to   space 1024K, 0% used [0x00000000f6b80000,0x00000000f6b80000,0x00000000f6c80000)
 ParOldGen       total 22016K, used 9148K [0x00000000e0c00000, 0x00000000e2180000, 0x00000000f5980000)
  object space 22016K, 41% used [0x00000000e0c00000,0x00000000e14ef340,0x00000000e2180000)
 Metaspace       used 18436K, capacity 18756K, committed 19072K, reserved 1067008K
  class space    used 2243K, capacity 2370K, committed 2432K, reserved 1048576K
}
Event: 7.707 GC heap before
{Heap before GC invocations=4 (full 0):
 PSYoungGen      total 9728K, used 9712K [0x00000000f5980000, 0x00000000f6c80000, 0x0000000100000000)
  eden space 8704K, 100% used [0x00000000f5980000,0x00000000f6200000,0x00000000f6200000)
  from space 1024K, 98% used [0x00000000f6200000,0x00000000f62fc010,0x00000000f6300000)
  to   space 1024K, 0% used [0x00000000f6b80000,0x00000000f6b80000,0x00000000f6c80000)
 ParOldGen       total 22016K, used 9148K [0x00000000e0c00000, 0x00000000e2180000, 0x00000000f5980000)
  object space 22016K, 41% used [0x00000000e0c00000,0x00000000e14ef340,0x00000000e2180000)
 Metaspace       used 20137K, capacity 20394K, committed 20736K, reserved 1067008K
  class space    used 2358K, capacity 2467K, committed 2560K, reserved 1048576K
Event: 7.719 GC heap after
Heap after GC invocations=4 (full 0):
 PSYoungGen      total 18432K, used 1024K [0x00000000f5980000, 0x00000000f6c80000, 0x0000000100000000)
  eden space 17408K, 0% used [0x00000000f5980000,0x00000000f5980000,0x00000000f6a80000)
  from space 1024K, 100% used [0x00000000f6b80000,0x00000000f6c80000,0x00000000f6c80000)
  to   space 1024K, 0% used [0x00000000f6a80000,0x00000000f6a80000,0x00000000f6b80000)
 ParOldGen       total 22016K, used 11580K [0x00000000e0c00000, 0x00000000e2180000, 0x00000000f5980000)
  object space 22016K, 52% used [0x00000000e0c00000,0x00000000e174f168,0x00000000e2180000)
 Metaspace       used 20137K, capacity 20394K, committed 20736K, reserved 1067008K
  class space    used 2358K, capacity 2467K, committed 2560K, reserved 1048576K
}
Event: 8.078 GC heap before
{Heap before GC invocations=5 (full 0):
 PSYoungGen      total 18432K, used 6483K [0x00000000f5980000, 0x00000000f6c80000, 0x0000000100000000)
  eden space 17408K, 31% used [0x00000000f5980000,0x00000000f5ed4d58,0x00000000f6a80000)
  from space 1024K, 100% used [0x00000000f6b80000,0x00000000f6c80000,0x00000000f6c80000)
  to   space 1024K, 0% used [0x00000000f6a80000,0x00000000f6a80000,0x00000000f6b80000)
 ParOldGen       total 22016K, used 11580K [0x00000000e0c00000, 0x00000000e2180000, 0x00000000f5980000)
  object space 22016K, 52% used [0x00000000e0c00000,0x00000000e174f168,0x00000000e2180000)
 Metaspace       used 20832K, capacity 21066K, committed 21248K, reserved 1069056K
  class space    used 2389K, capacity 2499K, committed 2560K, reserved 1048576K
Event: 8.088 GC heap after
Heap after GC invocations=5 (full 0):
 PSYoungGen      total 18432K, used 1024K [0x00000000f5980000, 0x00000000f8780000, 0x0000000100000000)
  eden space 17408K, 0% used [0x00000000f5980000,0x00000000f5980000,0x00000000f6a80000)
  from space 1024K, 100% used [0x00000000f6a80000,0x00000000f6b80000,0x00000000f6b80000)
  to   space 6144K, 0% used [0x00000000f8180000,0x00000000f8180000,0x00000000f8780000)
 ParOldGen       total 22016K, used 12853K [0x00000000e0c00000, 0x00000000e2180000, 0x00000000f5980000)
  object space 22016K, 58% used [0x00000000e0c00000,0x00000000e188d6d8,0x00000000e2180000)
 Metaspace       used 20832K, capacity 21066K, committed 21248K, reserved 1069056K
  class space    used 2389K, capacity 2499K, committed 2560K, reserved 1048576K
}
Event: 8.088 GC heap before
{Heap before GC invocations=6 (full 1):
 PSYoungGen      total 18432K, used 1024K [0x00000000f5980000, 0x00000000f8780000, 0x0000000100000000)
  eden space 17408K, 0% used [0x00000000f5980000,0x00000000f5980000,0x00000000f6a80000)
  from space 1024K, 100% used [0x00000000f6a80000,0x00000000f6b80000,0x00000000f6b80000)
  to   space 6144K, 0% used [0x00000000f8180000,0x00000000f8180000,0x00000000f8780000)
 ParOldGen       total 22016K, used 12853K [0x00000000e0c00000, 0x00000000e2180000, 0x00000000f5980000)
  object space 22016K, 58% used [0x00000000e0c00000,0x00000000e188d6d8,0x00000000e2180000)
 Metaspace       used 20832K, capacity 21066K, committed 21248K, reserved 1069056K
  class space    used 2389K, capacity 2499K, committed 2560K, reserved 1048576K
Event: 8.161 GC heap after
Heap after GC invocations=6 (full 1):
 PSYoungGen      total 18432K, used 0K [0x00000000f5980000, 0x00000000f8780000, 0x0000000100000000)
  eden space 17408K, 0% used [0x00000000f5980000,0x00000000f5980000,0x00000000f6a80000)
  from space 1024K, 0% used [0x00000000f6a80000,0x00000000f6a80000,0x00000000f6b80000)
  to   space 6144K, 0% used [0x00000000f8180000,0x00000000f8180000,0x00000000f8780000)
 ParOldGen       total 28160K, used 10849K [0x00000000e0c00000, 0x00000000e2780000, 0x00000000f5980000)
  object space 28160K, 38% used [0x00000000e0c00000,0x00000000e1698620,0x00000000e2780000)
 Metaspace       used 20832K, capacity 21066K, committed 21248K, reserved 1069056K
  class space    used 2389K, capacity 2499K, committed 2560K, reserved 1048576K
}

